<?xml version="1.0" encoding="UTF-8"?>
<testsuite xmlns:xsi="http://www.w3.org/2001/XMLSchema-instance" xsi:noNamespaceSchemaLocation="https://maven.apache.org/surefire/maven-surefire-plugin/xsd/surefire-test-report-3.0.xsd" version="3.0" name="com.nova.websocket.ChatApplicationTests" time="4.517" tests="1" errors="0" skipped="0" failures="0">
  <properties>
[...]
</properties>
  <testcase name="contextLoads" classname="com.nova.websocket.ChatApplicationTests" time="1.358">
    <system-out><![CDATA[20:03:11.084 [main] INFO org.springframework.test.context.support.AnnotationConfigContextLoaderUtils -- Could not detect default configuration classes for test class [com.nova.websocket.ChatApplicationTests]: ChatApplicationTests does not declare any static, non-private, non-final, nested classes annotated with @Configuration.
20:03:11.259 [main] INFO org.springframework.boot.test.context.SpringBootTestContextBootstrapper -- Found @SpringBootConfiguration com.nova.websocket.ChatApplication for test class com.nova.websocket.ChatApplicationTests

  .   ____          _            __ _ _
 /\\ / ___'_ __ _ _(_)_ __  __ _ \ \ \ \
( ( )\___ | '_ | '_| | '_ \/ _` | \ \ \ \
 \\/  ___)| |_)| | | | | || (_| |  ) ) ) )
  '  |____| .__|_| |_|_| |_\__, | / / / /
 =========|_|==============|___/=/_/_/_/
 :: Spring Boot ::                (v3.2.0)

2023-12-21T20:03:11.842+05:30  INFO 20060 --- [           main] c.nova.websocket.ChatApplicationTests    : Starting ChatApplicationTests using Java 21.0.1 with PID 20060 (started by aathi in E:\ITS\spring-boot-websocket-chat-app-main\spring-boot-websocket-chat-app-main)
2023-12-21T20:03:11.843+05:30  INFO 20060 --- [           main] c.nova.websocket.ChatApplicationTests    : No active profile set, falling back to 1 default profile: "default"
2023-12-21T20:03:13.659+05:30  INFO 20060 --- [           main] o.s.b.a.w.s.WelcomePageHandlerMapping    : Adding welcome page: class path resource [static/index.html]
2023-12-21T20:03:13.917+05:30  INFO 20060 --- [           main] o.s.m.s.b.SimpleBrokerMessageHandler     : Starting...
2023-12-21T20:03:13.920+05:30  INFO 20060 --- [           main] o.s.m.s.b.SimpleBrokerMessageHandler     : BrokerAvailabilityEvent[available=true, SimpleBrokerMessageHandler [org.springframework.messaging.simp.broker.DefaultSubscriptionRegistry@493da830]]
2023-12-21T20:03:13.921+05:30  INFO 20060 --- [           main] o.s.m.s.b.SimpleBrokerMessageHandler     : Started.
2023-12-21T20:03:13.931+05:30  INFO 20060 --- [           main] c.nova.websocket.ChatApplicationTests    : Started ChatApplicationTests in 2.44 seconds (process running for 4.287)
]]></system-out>
    <system-err><![CDATA[WARNING: A Java agent has been loaded dynamically (C:\Users\aathi\.m2\repository\net\bytebuddy\byte-buddy-agent\1.14.10\byte-buddy-agent-1.14.10.jar)
WARNING: If a serviceability tool is in use, please run with -XX:+EnableDynamicAgentLoading to hide this warning
WARNING: If a serviceability tool is not in use, please run with -Djdk.instrument.traceUsage for more information
WARNING: Dynamic loading of agents will be disallowed by default in a future release
]]></system-err>
  </testcase>
</testsuite>